  Source.cpp
E:\Third semester\Data Structure And Algorithms\Project\Reservation System Code\Source.cpp(84,28): warning C4018: '<': signed/unsigned mismatch
E:\Third semester\Data Structure And Algorithms\Project\Reservation System Code\Source.cpp(105,28): warning C4018: '<': signed/unsigned mismatch
E:\Third semester\Data Structure And Algorithms\Project\Reservation System Code\Source.cpp(212,28): warning C4018: '<': signed/unsigned mismatch
E:\Third semester\Data Structure And Algorithms\Project\Reservation System Code\Source.cpp(230,28): warning C4018: '<': signed/unsigned mismatch
E:\Third semester\Data Structure And Algorithms\Project\Reservation System Code\Source.cpp(1385,23): warning C4018: '<': signed/unsigned mismatch
E:\Third semester\Data Structure And Algorithms\Project\Reservation System Code\Source.cpp(1503,23): warning C4018: '<': signed/unsigned mismatch
E:\Third semester\Data Structure And Algorithms\Project\Reservation System Code\Source.cpp(2322,22): warning C4018: '<': signed/unsigned mismatch
E:\Third semester\Data Structure And Algorithms\Project\Reservation System Code\Source.cpp(2440,22): warning C4018: '<': signed/unsigned mismatch
E:\Third semester\Data Structure And Algorithms\Project\Reservation System Code\Source.cpp(2515,51): warning C4129: ' ': unrecognized character escape sequence
E:\Third semester\Data Structure And Algorithms\Project\Reservation System Code\Source.cpp(2516,51): warning C4129: '_': unrecognized character escape sequence
E:\Third semester\Data Structure And Algorithms\Project\Reservation System Code\Source.cpp(2741,13): warning C4326: return type of 'main' should be 'int' instead of 'void'
E:\Third semester\Data Structure And Algorithms\Project\Reservation System Code\Source.cpp(1648): warning C4172: returning address of local variable or temporary: cursor
E:\Third semester\Data Structure And Algorithms\Project\Reservation System Code\Source.cpp(1651): warning C4172: returning address of local variable or temporary: cursor
E:\Third semester\Data Structure And Algorithms\Project\Reservation System Code\Source.cpp(1638): warning C4172: returning address of local variable or temporary: cursor
E:\Third semester\Data Structure And Algorithms\Project\Reservation System Code\Source.cpp(439): warning C4715: 'List::getDataAt': not all control paths return a value
E:\Third semester\Data Structure And Algorithms\Project\Reservation System Code\Source.cpp(1279): warning C4715: 'AdjList::getNode': not all control paths return a value
E:\Third semester\Data Structure And Algorithms\Project\Reservation System Code\Source.cpp(1249): warning C4715: 'AdjList::getDataAt': not all control paths return a value
E:\Third semester\Data Structure And Algorithms\Project\Reservation System Code\Source.cpp(1274): warning C4172: returning address of local variable or temporary: current
E:\Third semester\Data Structure And Algorithms\Project\Reservation System Code\Source.cpp(1277): warning C4172: returning address of local variable or temporary: current
E:\Third semester\Data Structure And Algorithms\Project\Reservation System Code\Source.cpp(1263): warning C4715: 'AdjList::getNodeAt': not all control paths return a value
E:\Third semester\Data Structure And Algorithms\Project\Reservation System Code\Source.cpp(1261): warning C4172: returning address of local variable or temporary: current
E:\Third semester\Data Structure And Algorithms\Project\Reservation System Code\Source.cpp(451): warning C4715: 'List::getNodeAt': not all control paths return a value
E:\Third semester\Data Structure And Algorithms\Project\Reservation System Code\Source.cpp(449): warning C4172: returning address of local variable or temporary: current
  Reservation System Code.vcxproj -> E:\Third semester\Data Structure And Algorithms\Project\Reservation System Code\Debug\Reservation System Code.exe
